2026-06-02 15:52:09,963 | INFO | --------------------------------------------------
2026-06-02 15:52:09,964 | INFO | Starting AI Toolkit CLI Session
2026-06-02 15:53:25,970 | INFO | --------------------------------------------------
2026-06-02 15:53:25,970 | INFO | Starting AI Toolkit CLI Session
2026-06-02 15:53:25,972 | INFO | Initializing AI client
2026-06-02 15:53:26,316 | INFO | Sending request to AI model
2026-06-02 15:53:31,746 | INFO | Received response from AI model

2026-06-02 15:56:39,726 | INFO | --------------------------------------------------
2026-06-02 15:56:39,726 | INFO | Starting AI Toolkit CLI Session
2026-06-02 15:56:39,728 | INFO | Initializing AI client
2026-06-02 15:56:40,004 | INFO | Sending request to AI model
2026-06-02 15:56:47,972 | INFO | Received response from AI model
2026-06-02 15:57:41,982 | INFO | --------------------------------------------------
2026-06-02 15:57:41,982 | INFO | Starting AI Toolkit CLI Session
2026-06-02 15:57:41,983 | WARNING | Using default translation language: hindi
2026-06-02 15:57:41,983 | INFO | Initializing AI client
2026-06-02 15:57:42,244 | INFO | Sending request to AI model
2026-06-02 15:57:43,784 | INFO | Received response from AI model
2026-06-02 15:58:10,620 | INFO | --------------------------------------------------
2026-06-02 15:58:10,620 | INFO | Starting AI Toolkit CLI Session
2026-06-02 15:58:10,622 | INFO | Initializing AI client
2026-06-02 15:58:10,887 | INFO | Sending request to AI model
2026-06-02 15:58:12,871 | INFO | Received response from AI model
